C51 COMPILER V9.57.0.0   DELAY                                                             04/30/2022 17:58:00 PAGE 1   


C51 COMPILER V9.57.0.0, COMPILATION OF MODULE DELAY
OBJECT MODULE PLACED IN .\Objects\delay.obj
COMPILER INVOKED BY: E:\Keil_v5\C51\BIN\C51.EXE delay.c OPTIMIZE(8,SPEED) BROWSE DEBUG OBJECTEXTEND PRINT(.\Listings\del
                    -ay.lst) TABS(2) OBJECT(.\Objects\delay.obj)

line level    source

   1          #include <intrins.h>
   2          void delay(unsigned int xms)    //@11.0592MHz
   3          {
   4   1        while(xms--)
   5   1        {
   6   2            unsigned char i, j;
   7   2          i = 2;
   8   2          j = 199;
   9   2          do
  10   2          {
  11   3            while (--j);
  12   3          } while (--i);
  13   2        }
  14   1      
  15   1      }
  16          


MODULE INFORMATION:   STATIC OVERLAYABLE
   CODE SIZE        =     25    ----
   CONSTANT SIZE    =   ----    ----
   XDATA SIZE       =   ----    ----
   PDATA SIZE       =   ----    ----
   DATA SIZE        =   ----       2
   IDATA SIZE       =   ----    ----
   BIT SIZE         =   ----    ----
END OF MODULE INFORMATION.


C51 COMPILATION COMPLETE.  0 WARNING(S),  0 ERROR(S)
