C51 COMPILER V9.57.0.0   DHT11                                                             03/29/2022 13:48:47 PAGE 1   


C51 COMPILER V9.57.0.0, COMPILATION OF MODULE DHT11
OBJECT MODULE PLACED IN .\Objects\DHT11.obj
COMPILER INVOKED BY: E:\Keil_v5\C51\BIN\C51.EXE DHT11.c OPTIMIZE(8,SPEED) BROWSE DEBUG OBJECTEXTEND PRINT(.\Listings\DHT
                    -11.lst) TABS(2) OBJECT(.\Objects\DHT11.obj)

line level    source

   1          #include <REGX52.H>
   2          #include <intrins.h>
   3          #define uchar unsigned char
   4          #define uint unsigned int
   5          uchar rec_dat[9];
   6          uint shidu,wendu,shidu1,shidu2,wendu1,wendu2;
   7          sbit Data=P1^7;   //定义数据线
   8          void DHT11_delay_us(uchar n)
   9          {
  10   1          while(--n);
  11   1      }
  12          
  13          void DHT11_delay_ms(uint z)
  14          {
  15   1         uint i,j;
  16   1         for(i=z;i>0;i--)
  17   1            for(j=110;j>0;j--);
  18   1      }
  19          
  20          void DHT11_start()
  21          {
  22   1         Data=1;
  23   1         DHT11_delay_us(2);
  24   1         Data=0;
  25   1         DHT11_delay_ms(20);   //延时18ms以上
  26   1         Data=1;
  27   1         DHT11_delay_us(30);
  28   1      }
  29          
  30          uchar DHT11_rec_byte()      //接收一个字节
  31          {
  32   1         uchar i,dat=0;
  33   1        for(i=0;i<8;i++)    //从高到低依次接收8位数据
  34   1         {          
  35   2            while(!Data);  // 等待50us低电平过去
  36   2            DHT11_delay_us(8);     //延时60us，如果还为高则数据为1，否则为0 
  37   2            dat<<=1;           //移位使正确接收8位数据，数据为0时直接移位
  38   2            if(Data==1)    //数据为1时，使dat加1来接收数据1
  39   2               dat+=1;
  40   2            while(Data);  //等待数据线拉低    
  41   2          }  
  42   1          return dat;
  43   1      }
  44          
  45          void DHT11_receive()      //接收40位的数据
  46          {
  47   1          uchar R_H,R_L,T_H,T_L,revise; 
  48   1          EA=0;
  49   1          DHT11_start();
  50   1          if(Data==0)
  51   1          {
  52   2              while(Data==0);   //等待拉高     
  53   2              DHT11_delay_us(40);  //拉高后延时80us
  54   2              R_H=DHT11_rec_byte();    //接收湿度高八位  
C51 COMPILER V9.57.0.0   DHT11                                                             03/29/2022 13:48:47 PAGE 2   

  55   2              R_L=DHT11_rec_byte();    //接收湿度低八位  
  56   2              T_H=DHT11_rec_byte();    //接收温度高八位  
  57   2              T_L=DHT11_rec_byte();    //接收温度低八位
  58   2              revise=DHT11_rec_byte(); //接收校正位
  59   2      
  60   2              DHT11_delay_us(25);    //结束
  61   2      
  62   2              if((R_H+R_L+T_H+T_L)==revise)      //校正
  63   2              {
  64   3                  shidu=R_H*256+R_L;
  65   3                  wendu=T_H*256+T_L;
  66   3                  shidu1=shidu/10;//整数
  67   3                  shidu2=shidu%10;//小数
  68   3                  wendu1=wendu/10;
  69   3                  wendu2=wendu%10;
  70   3              } 
  71   2             
  72   2              EA=1;
  73   2              
  74   2              
  75   2              
  76   2              
  77   2             // rec_dat[1]=(RH%10);//湿度的整数位
  78   2            //  rec_dat[2]=(RL/10);
  79   2             // rec_dat[3]=(RL%10);//湿度的小数位
  80   2            //  wendu1=(rec_dat[0]*10)+rec_dat[1];
  81   2            //  wendu2=(rec_dat[2]*10)+rec_dat[3];
  82   2              
  83   2              
  84   2           //   rec_dat[4]=(TH/10);//温度的整数位
  85   2            //  rec_dat[5]=(TH%10);
  86   2              //rec_dat[6]=(TL/10);//温度的小数位
  87   2             // rec_dat[7]=(TL%10);
  88   2              
  89   2              //shidu1=(rec_dat[4]*10)+rec_dat[5];
  90   2            //  shidu2=(rec_dat[6]*10)+rec_dat[7];
  91   2              
  92   2            //  rec_dat[8]='C';
  93   2          }
  94   1      }


MODULE INFORMATION:   STATIC OVERLAYABLE
   CODE SIZE        =    260    ----
   CONSTANT SIZE    =   ----    ----
   XDATA SIZE       =   ----    ----
   PDATA SIZE       =   ----    ----
   DATA SIZE        =     21       2
   IDATA SIZE       =   ----    ----
   BIT SIZE         =   ----    ----
END OF MODULE INFORMATION.


C51 COMPILATION COMPLETE.  0 WARNING(S),  0 ERROR(S)
