C51 COMPILER V9.57.0.0   I2C                                                               05/29/2022 19:40:44 PAGE 1   


C51 COMPILER V9.57.0.0, COMPILATION OF MODULE I2C
OBJECT MODULE PLACED IN .\Objects\I2C.obj
COMPILER INVOKED BY: E:\Keil_v5\C51\BIN\C51.EXE I2C.c OPTIMIZE(8,SPEED) BROWSE DEBUG OBJECTEXTEND PRINT(.\Listings\I2C.l
                    -st) TABS(2) OBJECT(.\Objects\I2C.obj)

line level    source

   1          #include <REGX52.H>
   2          
   3          sbit I2C_SCL=P2^1;
   4          sbit I2C_SDA=P2^0;
   5          
   6          
   7          void I2C_Start(void)//IIC开始信号
   8          {
   9   1        I2C_SDA=1;
  10   1        I2C_SCL=1;
  11   1        I2C_SDA=0;
  12   1        I2C_SCL=0;
  13   1      }
  14          
  15          
  16          void I2C_Stop(void)//停止信号
  17          {
  18   1        I2C_SDA=0;
  19   1        I2C_SCL=1;
  20   1        I2C_SDA=1;
  21   1      }
  22          
  23          
  24          void I2C_SendByte(unsigned char Byte)//发送一个字节
  25          {
  26   1        unsigned char i;
  27   1        for(i=0;i<8;i++)
  28   1        {
  29   2          I2C_SDA=Byte&(0x80>>i);
  30   2          I2C_SCL=1;
  31   2          I2C_SCL=0;
  32   2        }
  33   1      }
  34          
  35          
  36          unsigned char I2C_ReceiveByte(void)//读取一个字节
  37          {
  38   1        unsigned char i,Byte=0x00;
  39   1        I2C_SDA=1;
  40   1        for(i=0;i<8;i++)
  41   1        {
  42   2          I2C_SCL=1;
  43   2          if(I2C_SDA){Byte|=(0x80>>i);}
  44   2          I2C_SCL=0;
  45   2        }
  46   1        return Byte;
  47   1      }
  48          
  49          
  50          void I2C_SendAck(unsigned char AckBit)//发送应答位
  51          {
  52   1        I2C_SDA=AckBit;
  53   1        I2C_SCL=1;
  54   1        I2C_SCL=0;
C51 COMPILER V9.57.0.0   I2C                                                               05/29/2022 19:40:44 PAGE 2   

  55   1      }
  56          
  57          
  58          unsigned char I2C_ReceiveAck(void)//接受应答
  59          {
  60   1        unsigned char AckBit;
  61   1        I2C_SDA=1;
  62   1        I2C_SCL=1;
  63   1        AckBit=I2C_SDA;
  64   1        I2C_SCL=0;
  65   1        return AckBit;
  66   1      }


MODULE INFORMATION:   STATIC OVERLAYABLE
   CODE SIZE        =    109    ----
   CONSTANT SIZE    =   ----    ----
   XDATA SIZE       =   ----    ----
   PDATA SIZE       =   ----    ----
   DATA SIZE        =   ----    ----
   IDATA SIZE       =   ----    ----
   BIT SIZE         =   ----    ----
END OF MODULE INFORMATION.


C51 COMPILATION COMPLETE.  0 WARNING(S),  0 ERROR(S)
