C51 COMPILER V9.57.0.0   KEY                                                               05/29/2022 18:35:05 PAGE 1   


C51 COMPILER V9.57.0.0, COMPILATION OF MODULE KEY
OBJECT MODULE PLACED IN .\Objects\Key.obj
COMPILER INVOKED BY: E:\Keil_v5\C51\BIN\C51.EXE Key.c OPTIMIZE(8,SPEED) BROWSE DEBUG OBJECTEXTEND PRINT(.\Listings\Key.l
                    -st) TABS(2) OBJECT(.\Objects\Key.obj)

line level    source

   1          #include <REGX52.H>
   2          
   3          
   4          unsigned char Key_KeyNumber;
   5          
   6          
   7          unsigned char Key(void)
   8          {
   9   1        unsigned char Temp=0;
  10   1        Temp=Key_KeyNumber;
  11   1        Key_KeyNumber=0;
  12   1        return Temp;
  13   1      }
  14          
  15          
  16          unsigned char Key_GetState()
  17          {
  18   1        unsigned char KeyNumber=0;
  19   1        
  20   1        if(P3_1==0){KeyNumber=1;}
  21   1        if(P3_0==0){KeyNumber=2;}
  22   1        if(P3_2==0){KeyNumber=3;}
  23   1        if(P3_3==0){KeyNumber=4;}
  24   1        
  25   1        return KeyNumber;
  26   1      }
  27          
  28          
  29          void Key_Loop(void)
  30          {
  31   1        static unsigned char NowState,LastState;//定义静态变量 now last
  32   1        LastState=NowState;       
  33   1        NowState=Key_GetState();//按下后将键值给now 
  34   1      
  35   1        if(LastState==1 && NowState==0)//松手后 now为0 刚刚按下的值给last并返回
  36   1        {
  37   2          Key_KeyNumber=1;
  38   2        }
  39   1        if(LastState==2 && NowState==0)
  40   1        {
  41   2          Key_KeyNumber=2;
  42   2        }
  43   1        if(LastState==3 && NowState==0)
  44   1        {
  45   2          Key_KeyNumber=3;
  46   2        }
  47   1        if(LastState==4 && NowState==0)
  48   1        {
  49   2          Key_KeyNumber=4;
  50   2        }
  51   1      }


MODULE INFORMATION:   STATIC OVERLAYABLE
C51 COMPILER V9.57.0.0   KEY                                                               05/29/2022 18:35:05 PAGE 2   

   CODE SIZE        =     85    ----
   CONSTANT SIZE    =   ----    ----
   XDATA SIZE       =   ----    ----
   PDATA SIZE       =   ----    ----
   DATA SIZE        =      3    ----
   IDATA SIZE       =   ----    ----
   BIT SIZE         =   ----    ----
END OF MODULE INFORMATION.


C51 COMPILATION COMPLETE.  0 WARNING(S),  0 ERROR(S)
