C51 COMPILER V9.57.0.0   TIMER0                                                            05/29/2022 19:43:38 PAGE 1   


C51 COMPILER V9.57.0.0, COMPILATION OF MODULE TIMER0
OBJECT MODULE PLACED IN .\Objects\Timer0.obj
COMPILER INVOKED BY: E:\Keil_v5\C51\BIN\C51.EXE Timer0.c OPTIMIZE(8,SPEED) BROWSE DEBUG OBJECTEXTEND PRINT(.\Listings\Ti
                    -mer0.lst) TABS(2) OBJECT(.\Objects\Timer0.obj)

line level    source

   1          #include <REGX52.H>
   2          
   3          
   4          void Timer0Init(void)//11.0592
   5          {
   6   1        TMOD &= 0xF0;   //设置定时器模式
   7   1        TMOD |= 0x01;   //设置定时器模式
   8   1        TL0 = 0x66;   //设置定时初值
   9   1        TH0 = 0xFC;   //设置定时初值
  10   1        TF0 = 0;    //清除TF0标志
  11   1        TR0 = 1;    //定时器0开始计时
  12   1        ET0=1;
  13   1        EA=1;
  14   1        PT0=0;
  15   1      }
  16          
  17          /*定时器中断函数模板
  18          void Timer0_Routine() interrupt 1
  19          {
  20            static unsigned int T0Count;
  21            TL0 = 0x66;   //设置定时初值
  22            TH0 = 0xFC;   //设置定时初值
  23            T0Count++;
  24            if(T0Count>=1000)
  25            {
  26              T0Count=0;
  27              
  28            }
  29          }
  30          */


MODULE INFORMATION:   STATIC OVERLAYABLE
   CODE SIZE        =     23    ----
   CONSTANT SIZE    =   ----    ----
   XDATA SIZE       =   ----    ----
   PDATA SIZE       =   ----    ----
   DATA SIZE        =   ----    ----
   IDATA SIZE       =   ----    ----
   BIT SIZE         =   ----    ----
END OF MODULE INFORMATION.


C51 COMPILATION COMPLETE.  0 WARNING(S),  0 ERROR(S)
